2019-09-28 21:00:51,188 WARN  [DefaultSoapUICore] Missing folder [C:\Users\chenan\ext] for external libraries
2019-09-28 21:00:51,447 WARN  [DefaultSoapUICore] Failed to load settings from [C:\Users\chenan\soapui-settings.xml:1:1: error: Illegal XML character: 0x0
org.apache.xmlbeans.impl.piccolo.io.IllegalCharException: Illegal XML character: 0x0
	at org.apache.xmlbeans.impl.piccolo.xml.UTF8XMLDecoder.decode(UTF8XMLDecoder.java:196)
	at org.apache.xmlbeans.impl.piccolo.xml.XMLStreamReader$FastStreamDecoder.read(XMLStreamReader.java:762)
	at org.apache.xmlbeans.impl.piccolo.xml.XMLStreamReader.read(XMLStreamReader.java:162)
	at org.apache.xmlbeans.impl.piccolo.xml.PiccoloLexer.yy_refill(PiccoloLexer.java:3474)
	at org.apache.xmlbeans.impl.piccolo.xml.PiccoloLexer.yylex(PiccoloLexer.java:3958)
	at org.apache.xmlbeans.impl.piccolo.xml.Piccolo.yylex(Piccolo.java:1290)
	at org.apache.xmlbeans.impl.piccolo.xml.Piccolo.yyparse(Piccolo.java:1400)
	at org.apache.xmlbeans.impl.piccolo.xml.Piccolo.parse(Piccolo.java:714)
	at org.apache.xmlbeans.impl.store.Locale$SaxLoader.load(Locale.java:3454)
	at org.apache.xmlbeans.impl.store.Locale.parseToXmlObject(Locale.java:1276)
	at org.apache.xmlbeans.impl.store.Locale.parseToXmlObject(Locale.java:1263)
	at org.apache.xmlbeans.impl.schema.SchemaTypeLoaderBase.parse(SchemaTypeLoaderBase.java:345)
	at org.apache.xmlbeans.impl.schema.SchemaTypeLoaderBase.parse(SchemaTypeLoaderBase.java:252)
	at com.eviware.soapui.config.SoapuiSettingsDocumentConfig$Factory.parse(Unknown Source)
	at com.eviware.soapui.DefaultSoapUICore.initSettings(DefaultSoapUICore.java:190)
	at com.eviware.soapui.SwingSoapUICore.initSettings(SwingSoapUICore.java:105)
	at com.eviware.soapui.DefaultSoapUICore.init(DefaultSoapUICore.java:126)
	at com.eviware.soapui.DefaultSoapUICore.<init>(DefaultSoapUICore.java:109)
	at com.eviware.soapui.SwingSoapUICore.<init>(SwingSoapUICore.java:50)
	at com.eviware.soapui.SwingPluginSoapUICore.<init>(SwingPluginSoapUICore.java:29)
	at com.eviware.soapui.SwingPluginSoapUICore.<init>(SwingPluginSoapUICore.java:19)
	at com.eviware.soapui.intellij.plugin.SoapUIPlugin$2.<init>(SoapUIPlugin.java:196)
	at com.eviware.soapui.intellij.plugin.SoapUIPlugin.initSoapUICore(SoapUIPlugin.java:196)
	at com.eviware.soapui.intellij.plugin.SoapUIPlugin.initComponent(SoapUIPlugin.java:157)
	at com.intellij.openapi.components.impl.ComponentManagerImpl$ComponentConfigComponentAdapter.getComponentInstance(ComponentManagerImpl.java:488)
	at com.intellij.openapi.components.impl.ComponentManagerImpl.createComponents(ComponentManagerImpl.java:107)
	at com.intellij.openapi.components.impl.ComponentManagerImpl.init(ComponentManagerImpl.java:91)
	at com.intellij.openapi.components.impl.ComponentManagerImpl.init(ComponentManagerImpl.java:78)
	at com.intellij.openapi.project.impl.ProjectImpl.init(ProjectImpl.java:262)
	at com.intellij.openapi.project.impl.ProjectManagerImpl.initProject(ProjectManagerImpl.java:277)
	at com.intellij.openapi.project.impl.ProjectManagerImpl.lambda$loadProjectWithProgress$13(ProjectManagerImpl.java:543)
	at com.intellij.openapi.progress.impl.CoreProgressManager$1.run(CoreProgressManager.java:218)
	at com.intellij.openapi.progress.impl.CoreProgressManager$TaskRunnable.run(CoreProgressManager.java:736)
	at com.intellij.openapi.progress.impl.CoreProgressManager$5.run(CoreProgressManager.java:434)
	at com.intellij.openapi.progress.impl.CoreProgressManager.lambda$runProcess$1(CoreProgressManager.java:157)
	at com.intellij.openapi.progress.impl.CoreProgressManager.registerIndicatorAndRun(CoreProgressManager.java:580)
	at com.intellij.openapi.progress.impl.CoreProgressManager.executeProcessUnderProgress(CoreProgressManager.java:525)
	at com.intellij.openapi.progress.impl.ProgressManagerImpl.executeProcessUnderProgress(ProgressManagerImpl.java:85)
	at com.intellij.openapi.progress.impl.CoreProgressManager.runProcess(CoreProgressManager.java:144)
	at com.intellij.openapi.application.impl.ApplicationImpl.lambda$null$10(ApplicationImpl.java:574)
	at com.intellij.openapi.application.impl.ApplicationImpl$1.run(ApplicationImpl.java:314)
	at java.util.concurrent.Executors$RunnableAdapter.call(Executors.java:511)
	at java.util.concurrent.FutureTask.run(FutureTask.java:266)
	at java.util.concurrent.ThreadPoolExecutor.runWorker(ThreadPoolExecutor.java:1142)
	at java.util.concurrent.ThreadPoolExecutor$Worker.run(ThreadPoolExecutor.java:617)
	at java.lang.Thread.run(Thread.java:745)
], creating new
2019-09-28 21:00:52,020 INFO  [WorkspaceImpl] Loading workspace from [C:\Users\chenan\intellij-soapui-workspace.xml]
2019-09-28 21:00:52,024 ERROR [SoapUI] An error occured [org.apache.xmlbeans.XmlException: C:\Users\chenan\intellij-soapui-workspace.xml:1:1: error: Illegal XML character: 0x0
org.apache.xmlbeans.impl.piccolo.io.IllegalCharException: Illegal XML character: 0x0
	at org.apache.xmlbeans.impl.piccolo.xml.UTF8XMLDecoder.decode(UTF8XMLDecoder.java:196)
	at org.apache.xmlbeans.impl.piccolo.xml.XMLStreamReader$FastStreamDecoder.read(XMLStreamReader.java:762)
	at org.apache.xmlbeans.impl.piccolo.xml.XMLStreamReader.read(XMLStreamReader.java:162)
	at org.apache.xmlbeans.impl.piccolo.xml.PiccoloLexer.yy_refill(PiccoloLexer.java:3474)
	at org.apache.xmlbeans.impl.piccolo.xml.PiccoloLexer.yylex(PiccoloLexer.java:3958)
	at org.apache.xmlbeans.impl.piccolo.xml.Piccolo.yylex(Piccolo.java:1290)
	at org.apache.xmlbeans.impl.piccolo.xml.Piccolo.yyparse(Piccolo.java:1400)
	at org.apache.xmlbeans.impl.piccolo.xml.Piccolo.parse(Piccolo.java:714)
	at org.apache.xmlbeans.impl.store.Locale$SaxLoader.load(Locale.java:3454)
	at org.apache.xmlbeans.impl.store.Locale.parseToXmlObject(Locale.java:1276)
	at org.apache.xmlbeans.impl.store.Locale.parseToXmlObject(Locale.java:1263)
	at org.apache.xmlbeans.impl.schema.SchemaTypeLoaderBase.parse(SchemaTypeLoaderBase.java:345)
	at org.apache.xmlbeans.impl.schema.SchemaTypeLoaderBase.parse(SchemaTypeLoaderBase.java:252)
	at com.eviware.soapui.config.SoapuiWorkspaceDocumentConfig$Factory.parse(Unknown Source)
	at com.eviware.soapui.impl.WorkspaceImpl.loadWorkspace(WorkspaceImpl.java:153)
	at com.eviware.soapui.impl.WorkspaceImpl.<init>(WorkspaceImpl.java:87)
	at com.eviware.soapui.impl.WorkspaceFactoryImpl.openWorkspace(WorkspaceFactoryImpl.java:32)
	at com.eviware.soapui.intellij.plugin.SoapUIPlugin.initWorkspace(SoapUIPlugin.java:183)
	at com.eviware.soapui.intellij.plugin.SoapUIPlugin.initComponent(SoapUIPlugin.java:161)
	at com.intellij.openapi.components.impl.ComponentManagerImpl$ComponentConfigComponentAdapter.getComponentInstance(ComponentManagerImpl.java:488)
	at com.intellij.openapi.components.impl.ComponentManagerImpl.createComponents(ComponentManagerImpl.java:107)
	at com.intellij.openapi.components.impl.ComponentManagerImpl.init(ComponentManagerImpl.java:91)
	at com.intellij.openapi.components.impl.ComponentManagerImpl.init(ComponentManagerImpl.java:78)
	at com.intellij.openapi.project.impl.ProjectImpl.init(ProjectImpl.java:262)
	at com.intellij.openapi.project.impl.ProjectManagerImpl.initProject(ProjectManagerImpl.java:277)
	at com.intellij.openapi.project.impl.ProjectManagerImpl.lambda$loadProjectWithProgress$13(ProjectManagerImpl.java:543)
	at com.intellij.openapi.progress.impl.CoreProgressManager$1.run(CoreProgressManager.java:218)
	at com.intellij.openapi.progress.impl.CoreProgressManager$TaskRunnable.run(CoreProgressManager.java:736)
	at com.intellij.openapi.progress.impl.CoreProgressManager$5.run(CoreProgressManager.java:434)
	at com.intellij.openapi.progress.impl.CoreProgressManager.lambda$runProcess$1(CoreProgressManager.java:157)
	at com.intellij.openapi.progress.impl.CoreProgressManager.registerIndicatorAndRun(CoreProgressManager.java:580)
	at com.intellij.openapi.progress.impl.CoreProgressManager.executeProcessUnderProgress(CoreProgressManager.java:525)
	at com.intellij.openapi.progress.impl.ProgressManagerImpl.executeProcessUnderProgress(ProgressManagerImpl.java:85)
	at com.intellij.openapi.progress.impl.CoreProgressManager.runProcess(CoreProgressManager.java:144)
	at com.intellij.openapi.application.impl.ApplicationImpl.lambda$null$10(ApplicationImpl.java:574)
	at com.intellij.openapi.application.impl.ApplicationImpl$1.run(ApplicationImpl.java:314)
	at java.util.concurrent.Executors$RunnableAdapter.call(Executors.java:511)
	at java.util.concurrent.FutureTask.run(FutureTask.java:266)
	at java.util.concurrent.ThreadPoolExecutor.runWorker(ThreadPoolExecutor.java:1142)
	at java.util.concurrent.ThreadPoolExecutor$Worker.run(ThreadPoolExecutor.java:617)
	at java.lang.Thread.run(Thread.java:745)
], see error log for details
2019-09-28 21:00:52,028 ERROR [errorlog] com.eviware.soapui.support.SoapUIException: org.apache.xmlbeans.XmlException: C:\Users\chenan\intellij-soapui-workspace.xml:1:1: error: Illegal XML character: 0x0
org.apache.xmlbeans.impl.piccolo.io.IllegalCharException: Illegal XML character: 0x0
	at org.apache.xmlbeans.impl.piccolo.xml.UTF8XMLDecoder.decode(UTF8XMLDecoder.java:196)
	at org.apache.xmlbeans.impl.piccolo.xml.XMLStreamReader$FastStreamDecoder.read(XMLStreamReader.java:762)
	at org.apache.xmlbeans.impl.piccolo.xml.XMLStreamReader.read(XMLStreamReader.java:162)
	at org.apache.xmlbeans.impl.piccolo.xml.PiccoloLexer.yy_refill(PiccoloLexer.java:3474)
	at org.apache.xmlbeans.impl.piccolo.xml.PiccoloLexer.yylex(PiccoloLexer.java:3958)
	at org.apache.xmlbeans.impl.piccolo.xml.Piccolo.yylex(Piccolo.java:1290)
	at org.apache.xmlbeans.impl.piccolo.xml.Piccolo.yyparse(Piccolo.java:1400)
	at org.apache.xmlbeans.impl.piccolo.xml.Piccolo.parse(Piccolo.java:714)
	at org.apache.xmlbeans.impl.store.Locale$SaxLoader.load(Locale.java:3454)
	at org.apache.xmlbeans.impl.store.Locale.parseToXmlObject(Locale.java:1276)
	at org.apache.xmlbeans.impl.store.Locale.parseToXmlObject(Locale.java:1263)
	at org.apache.xmlbeans.impl.schema.SchemaTypeLoaderBase.parse(SchemaTypeLoaderBase.java:345)
	at org.apache.xmlbeans.impl.schema.SchemaTypeLoaderBase.parse(SchemaTypeLoaderBase.java:252)
	at com.eviware.soapui.config.SoapuiWorkspaceDocumentConfig$Factory.parse(Unknown Source)
	at com.eviware.soapui.impl.WorkspaceImpl.loadWorkspace(WorkspaceImpl.java:153)
	at com.eviware.soapui.impl.WorkspaceImpl.<init>(WorkspaceImpl.java:87)
	at com.eviware.soapui.impl.WorkspaceFactoryImpl.openWorkspace(WorkspaceFactoryImpl.java:32)
	at com.eviware.soapui.intellij.plugin.SoapUIPlugin.initWorkspace(SoapUIPlugin.java:183)
	at com.eviware.soapui.intellij.plugin.SoapUIPlugin.initComponent(SoapUIPlugin.java:161)
	at com.intellij.openapi.components.impl.ComponentManagerImpl$ComponentConfigComponentAdapter.getComponentInstance(ComponentManagerImpl.java:488)
	at com.intellij.openapi.components.impl.ComponentManagerImpl.createComponents(ComponentManagerImpl.java:107)
	at com.intellij.openapi.components.impl.ComponentManagerImpl.init(ComponentManagerImpl.java:91)
	at com.intellij.openapi.components.impl.ComponentManagerImpl.init(ComponentManagerImpl.java:78)
	at com.intellij.openapi.project.impl.ProjectImpl.init(ProjectImpl.java:262)
	at com.intellij.openapi.project.impl.ProjectManagerImpl.initProject(ProjectManagerImpl.java:277)
	at com.intellij.openapi.project.impl.ProjectManagerImpl.lambda$loadProjectWithProgress$13(ProjectManagerImpl.java:543)
	at com.intellij.openapi.progress.impl.CoreProgressManager$1.run(CoreProgressManager.java:218)
	at com.intellij.openapi.progress.impl.CoreProgressManager$TaskRunnable.run(CoreProgressManager.java:736)
	at com.intellij.openapi.progress.impl.CoreProgressManager$5.run(CoreProgressManager.java:434)
	at com.intellij.openapi.progress.impl.CoreProgressManager.lambda$runProcess$1(CoreProgressManager.java:157)
	at com.intellij.openapi.progress.impl.CoreProgressManager.registerIndicatorAndRun(CoreProgressManager.java:580)
	at com.intellij.openapi.progress.impl.CoreProgressManager.executeProcessUnderProgress(CoreProgressManager.java:525)
	at com.intellij.openapi.progress.impl.ProgressManagerImpl.executeProcessUnderProgress(ProgressManagerImpl.java:85)
	at com.intellij.openapi.progress.impl.CoreProgressManager.runProcess(CoreProgressManager.java:144)
	at com.intellij.openapi.application.impl.ApplicationImpl.lambda$null$10(ApplicationImpl.java:574)
	at com.intellij.openapi.application.impl.ApplicationImpl$1.run(ApplicationImpl.java:314)
	at java.util.concurrent.Executors$RunnableAdapter.call(Executors.java:511)
	at java.util.concurrent.FutureTask.run(FutureTask.java:266)
	at java.util.concurrent.ThreadPoolExecutor.runWorker(ThreadPoolExecutor.java:1142)
	at java.util.concurrent.ThreadPoolExecutor$Worker.run(ThreadPoolExecutor.java:617)
	at java.lang.Thread.run(Thread.java:745)

com.eviware.soapui.support.SoapUIException: org.apache.xmlbeans.XmlException: C:\Users\chenan\intellij-soapui-workspace.xml:1:1: error: Illegal XML character: 0x0
org.apache.xmlbeans.impl.piccolo.io.IllegalCharException: Illegal XML character: 0x0
	at org.apache.xmlbeans.impl.piccolo.xml.UTF8XMLDecoder.decode(UTF8XMLDecoder.java:196)
	at org.apache.xmlbeans.impl.piccolo.xml.XMLStreamReader$FastStreamDecoder.read(XMLStreamReader.java:762)
	at org.apache.xmlbeans.impl.piccolo.xml.XMLStreamReader.read(XMLStreamReader.java:162)
	at org.apache.xmlbeans.impl.piccolo.xml.PiccoloLexer.yy_refill(PiccoloLexer.java:3474)
	at org.apache.xmlbeans.impl.piccolo.xml.PiccoloLexer.yylex(PiccoloLexer.java:3958)
	at org.apache.xmlbeans.impl.piccolo.xml.Piccolo.yylex(Piccolo.java:1290)
	at org.apache.xmlbeans.impl.piccolo.xml.Piccolo.yyparse(Piccolo.java:1400)
	at org.apache.xmlbeans.impl.piccolo.xml.Piccolo.parse(Piccolo.java:714)
	at org.apache.xmlbeans.impl.store.Locale$SaxLoader.load(Locale.java:3454)
	at org.apache.xmlbeans.impl.store.Locale.parseToXmlObject(Locale.java:1276)
	at org.apache.xmlbeans.impl.store.Locale.parseToXmlObject(Locale.java:1263)
	at org.apache.xmlbeans.impl.schema.SchemaTypeLoaderBase.parse(SchemaTypeLoaderBase.java:345)
	at org.apache.xmlbeans.impl.schema.SchemaTypeLoaderBase.parse(SchemaTypeLoaderBase.java:252)
	at com.eviware.soapui.config.SoapuiWorkspaceDocumentConfig$Factory.parse(Unknown Source)
	at com.eviware.soapui.impl.WorkspaceImpl.loadWorkspace(WorkspaceImpl.java:153)
	at com.eviware.soapui.impl.WorkspaceImpl.<init>(WorkspaceImpl.java:87)
	at com.eviware.soapui.impl.WorkspaceFactoryImpl.openWorkspace(WorkspaceFactoryImpl.java:32)
	at com.eviware.soapui.intellij.plugin.SoapUIPlugin.initWorkspace(SoapUIPlugin.java:183)
	at com.eviware.soapui.intellij.plugin.SoapUIPlugin.initComponent(SoapUIPlugin.java:161)
	at com.intellij.openapi.components.impl.ComponentManagerImpl$ComponentConfigComponentAdapter.getComponentInstance(ComponentManagerImpl.java:488)
	at com.intellij.openapi.components.impl.ComponentManagerImpl.createComponents(ComponentManagerImpl.java:107)
	at com.intellij.openapi.components.impl.ComponentManagerImpl.init(ComponentManagerImpl.java:91)
	at com.intellij.openapi.components.impl.ComponentManagerImpl.init(ComponentManagerImpl.java:78)
	at com.intellij.openapi.project.impl.ProjectImpl.init(ProjectImpl.java:262)
	at com.intellij.openapi.project.impl.ProjectManagerImpl.initProject(ProjectManagerImpl.java:277)
	at com.intellij.openapi.project.impl.ProjectManagerImpl.lambda$loadProjectWithProgress$13(ProjectManagerImpl.java:543)
	at com.intellij.openapi.progress.impl.CoreProgressManager$1.run(CoreProgressManager.java:218)
	at com.intellij.openapi.progress.impl.CoreProgressManager$TaskRunnable.run(CoreProgressManager.java:736)
	at com.intellij.openapi.progress.impl.CoreProgressManager$5.run(CoreProgressManager.java:434)
	at com.intellij.openapi.progress.impl.CoreProgressManager.lambda$runProcess$1(CoreProgressManager.java:157)
	at com.intellij.openapi.progress.impl.CoreProgressManager.registerIndicatorAndRun(CoreProgressManager.java:580)
	at com.intellij.openapi.progress.impl.CoreProgressManager.executeProcessUnderProgress(CoreProgressManager.java:525)
	at com.intellij.openapi.progress.impl.ProgressManagerImpl.executeProcessUnderProgress(ProgressManagerImpl.java:85)
	at com.intellij.openapi.progress.impl.CoreProgressManager.runProcess(CoreProgressManager.java:144)
	at com.intellij.openapi.application.impl.ApplicationImpl.lambda$null$10(ApplicationImpl.java:574)
	at com.intellij.openapi.application.impl.ApplicationImpl$1.run(ApplicationImpl.java:314)
	at java.util.concurrent.Executors$RunnableAdapter.call(Executors.java:511)
	at java.util.concurrent.FutureTask.run(FutureTask.java:266)
	at java.util.concurrent.ThreadPoolExecutor.runWorker(ThreadPoolExecutor.java:1142)
	at java.util.concurrent.ThreadPoolExecutor$Worker.run(ThreadPoolExecutor.java:617)
	at java.lang.Thread.run(Thread.java:745)

	at com.eviware.soapui.impl.WorkspaceFactoryImpl.openWorkspace(WorkspaceFactoryImpl.java:36)
	at com.eviware.soapui.intellij.plugin.SoapUIPlugin.initWorkspace(SoapUIPlugin.java:183)
	at com.eviware.soapui.intellij.plugin.SoapUIPlugin.initComponent(SoapUIPlugin.java:161)
	at com.intellij.openapi.components.impl.ComponentManagerImpl$ComponentConfigComponentAdapter.getComponentInstance(ComponentManagerImpl.java:488)
	at com.intellij.openapi.components.impl.ComponentManagerImpl.createComponents(ComponentManagerImpl.java:107)
	at com.intellij.openapi.components.impl.ComponentManagerImpl.init(ComponentManagerImpl.java:91)
	at com.intellij.openapi.components.impl.ComponentManagerImpl.init(ComponentManagerImpl.java:78)
	at com.intellij.openapi.project.impl.ProjectImpl.init(ProjectImpl.java:262)
	at com.intellij.openapi.project.impl.ProjectManagerImpl.initProject(ProjectManagerImpl.java:277)
	at com.intellij.openapi.project.impl.ProjectManagerImpl.lambda$loadProjectWithProgress$13(ProjectManagerImpl.java:543)
	at com.intellij.openapi.progress.impl.CoreProgressManager$1.run(CoreProgressManager.java:218)
	at com.intellij.openapi.progress.impl.CoreProgressManager$TaskRunnable.run(CoreProgressManager.java:736)
	at com.intellij.openapi.progress.impl.CoreProgressManager$5.run(CoreProgressManager.java:434)
	at com.intellij.openapi.progress.impl.CoreProgressManager.lambda$runProcess$1(CoreProgressManager.java:157)
	at com.intellij.openapi.progress.impl.CoreProgressManager.registerIndicatorAndRun(CoreProgressManager.java:580)
	at com.intellij.openapi.progress.impl.CoreProgressManager.executeProcessUnderProgress(CoreProgressManager.java:525)
	at com.intellij.openapi.progress.impl.ProgressManagerImpl.executeProcessUnderProgress(ProgressManagerImpl.java:85)
	at com.intellij.openapi.progress.impl.CoreProgressManager.runProcess(CoreProgressManager.java:144)
	at com.intellij.openapi.application.impl.ApplicationImpl.lambda$null$10(ApplicationImpl.java:574)
	at com.intellij.openapi.application.impl.ApplicationImpl$1.run(ApplicationImpl.java:314)
	at java.util.concurrent.Executors$RunnableAdapter.call(Executors.java:511)
	at java.util.concurrent.FutureTask.run(FutureTask.java:266)
	at java.util.concurrent.ThreadPoolExecutor.runWorker(ThreadPoolExecutor.java:1142)
	at java.util.concurrent.ThreadPoolExecutor$Worker.run(ThreadPoolExecutor.java:617)
	at java.lang.Thread.run(Thread.java:745)
Caused by: org.apache.xmlbeans.XmlException: C:\Users\chenan\intellij-soapui-workspace.xml:1:1: error: Illegal XML character: 0x0
org.apache.xmlbeans.impl.piccolo.io.IllegalCharException: Illegal XML character: 0x0
	at org.apache.xmlbeans.impl.piccolo.xml.UTF8XMLDecoder.decode(UTF8XMLDecoder.java:196)
	at org.apache.xmlbeans.impl.piccolo.xml.XMLStreamReader$FastStreamDecoder.read(XMLStreamReader.java:762)
	at org.apache.xmlbeans.impl.piccolo.xml.XMLStreamReader.read(XMLStreamReader.java:162)
	at org.apache.xmlbeans.impl.piccolo.xml.PiccoloLexer.yy_refill(PiccoloLexer.java:3474)
	at org.apache.xmlbeans.impl.piccolo.xml.PiccoloLexer.yylex(PiccoloLexer.java:3958)
	at org.apache.xmlbeans.impl.piccolo.xml.Piccolo.yylex(Piccolo.java:1290)
	at org.apache.xmlbeans.impl.piccolo.xml.Piccolo.yyparse(Piccolo.java:1400)
	at org.apache.xmlbeans.impl.piccolo.xml.Piccolo.parse(Piccolo.java:714)
	at org.apache.xmlbeans.impl.store.Locale$SaxLoader.load(Locale.java:3454)
	at org.apache.xmlbeans.impl.store.Locale.parseToXmlObject(Locale.java:1276)
	at org.apache.xmlbeans.impl.store.Locale.parseToXmlObject(Locale.java:1263)
	at org.apache.xmlbeans.impl.schema.SchemaTypeLoaderBase.parse(SchemaTypeLoaderBase.java:345)
	at org.apache.xmlbeans.impl.schema.SchemaTypeLoaderBase.parse(SchemaTypeLoaderBase.java:252)
	at com.eviware.soapui.config.SoapuiWorkspaceDocumentConfig$Factory.parse(Unknown Source)
	at com.eviware.soapui.impl.WorkspaceImpl.loadWorkspace(WorkspaceImpl.java:153)
	at com.eviware.soapui.impl.WorkspaceImpl.<init>(WorkspaceImpl.java:87)
	at com.eviware.soapui.impl.WorkspaceFactoryImpl.openWorkspace(WorkspaceFactoryImpl.java:32)
	at com.eviware.soapui.intellij.plugin.SoapUIPlugin.initWorkspace(SoapUIPlugin.java:183)
	at com.eviware.soapui.intellij.plugin.SoapUIPlugin.initComponent(SoapUIPlugin.java:161)
	at com.intellij.openapi.components.impl.ComponentManagerImpl$ComponentConfigComponentAdapter.getComponentInstance(ComponentManagerImpl.java:488)
	at com.intellij.openapi.components.impl.ComponentManagerImpl.createComponents(ComponentManagerImpl.java:107)
	at com.intellij.openapi.components.impl.ComponentManagerImpl.init(ComponentManagerImpl.java:91)
	at com.intellij.openapi.components.impl.ComponentManagerImpl.init(ComponentManagerImpl.java:78)
	at com.intellij.openapi.project.impl.ProjectImpl.init(ProjectImpl.java:262)
	at com.intellij.openapi.project.impl.ProjectManagerImpl.initProject(ProjectManagerImpl.java:277)
	at com.intellij.openapi.project.impl.ProjectManagerImpl.lambda$loadProjectWithProgress$13(ProjectManagerImpl.java:543)
	at com.intellij.openapi.progress.impl.CoreProgressManager$1.run(CoreProgressManager.java:218)
	at com.intellij.openapi.progress.impl.CoreProgressManager$TaskRunnable.run(CoreProgressManager.java:736)
	at com.intellij.openapi.progress.impl.CoreProgressManager$5.run(CoreProgressManager.java:434)
	at com.intellij.openapi.progress.impl.CoreProgressManager.lambda$runProcess$1(CoreProgressManager.java:157)
	at com.intellij.openapi.progress.impl.CoreProgressManager.registerIndicatorAndRun(CoreProgressManager.java:580)
	at com.intellij.openapi.progress.impl.CoreProgressManager.executeProcessUnderProgress(CoreProgressManager.java:525)
	at com.intellij.openapi.progress.impl.ProgressManagerImpl.executeProcessUnderProgress(ProgressManagerImpl.java:85)
	at com.intellij.openapi.progress.impl.CoreProgressManager.runProcess(CoreProgressManager.java:144)
	at com.intellij.openapi.application.impl.ApplicationImpl.lambda$null$10(ApplicationImpl.java:574)
	at com.intellij.openapi.application.impl.ApplicationImpl$1.run(ApplicationImpl.java:314)
	at java.util.concurrent.Executors$RunnableAdapter.call(Executors.java:511)
	at java.util.concurrent.FutureTask.run(FutureTask.java:266)
	at java.util.concurrent.ThreadPoolExecutor.runWorker(ThreadPoolExecutor.java:1142)
	at java.util.concurrent.ThreadPoolExecutor$Worker.run(ThreadPoolExecutor.java:617)
	at java.lang.Thread.run(Thread.java:745)

	at org.apache.xmlbeans.impl.store.Locale$SaxLoader.load(Locale.java:3486)
	at org.apache.xmlbeans.impl.store.Locale.parseToXmlObject(Locale.java:1276)
	at org.apache.xmlbeans.impl.store.Locale.parseToXmlObject(Locale.java:1263)
	at org.apache.xmlbeans.impl.schema.SchemaTypeLoaderBase.parse(SchemaTypeLoaderBase.java:345)
	at org.apache.xmlbeans.impl.schema.SchemaTypeLoaderBase.parse(SchemaTypeLoaderBase.java:252)
	at com.eviware.soapui.config.SoapuiWorkspaceDocumentConfig$Factory.parse(Unknown Source)
	at com.eviware.soapui.impl.WorkspaceImpl.loadWorkspace(WorkspaceImpl.java:153)
	at com.eviware.soapui.impl.WorkspaceImpl.<init>(WorkspaceImpl.java:87)
	at com.eviware.soapui.impl.WorkspaceFactoryImpl.openWorkspace(WorkspaceFactoryImpl.java:32)
	... 24 more
Caused by: org.xml.sax.SAXParseException; systemId: file:; lineNumber: 1; columnNumber: 1; Illegal XML character: 0x0
org.apache.xmlbeans.impl.piccolo.io.IllegalCharException: Illegal XML character: 0x0
	at org.apache.xmlbeans.impl.piccolo.xml.UTF8XMLDecoder.decode(UTF8XMLDecoder.java:196)
	at org.apache.xmlbeans.impl.piccolo.xml.XMLStreamReader$FastStreamDecoder.read(XMLStreamReader.java:762)
	at org.apache.xmlbeans.impl.piccolo.xml.XMLStreamReader.read(XMLStreamReader.java:162)
	at org.apache.xmlbeans.impl.piccolo.xml.PiccoloLexer.yy_refill(PiccoloLexer.java:3474)
	at org.apache.xmlbeans.impl.piccolo.xml.PiccoloLexer.yylex(PiccoloLexer.java:3958)
	at org.apache.xmlbeans.impl.piccolo.xml.Piccolo.yylex(Piccolo.java:1290)
	at org.apache.xmlbeans.impl.piccolo.xml.Piccolo.yyparse(Piccolo.java:1400)
	at org.apache.xmlbeans.impl.piccolo.xml.Piccolo.parse(Piccolo.java:714)
	at org.apache.xmlbeans.impl.store.Locale$SaxLoader.load(Locale.java:3454)
	at org.apache.xmlbeans.impl.store.Locale.parseToXmlObject(Locale.java:1276)
	at org.apache.xmlbeans.impl.store.Locale.parseToXmlObject(Locale.java:1263)
	at org.apache.xmlbeans.impl.schema.SchemaTypeLoaderBase.parse(SchemaTypeLoaderBase.java:345)
	at org.apache.xmlbeans.impl.schema.SchemaTypeLoaderBase.parse(SchemaTypeLoaderBase.java:252)
	at com.eviware.soapui.config.SoapuiWorkspaceDocumentConfig$Factory.parse(Unknown Source)
	at com.eviware.soapui.impl.WorkspaceImpl.loadWorkspace(WorkspaceImpl.java:153)
	at com.eviware.soapui.impl.WorkspaceImpl.<init>(WorkspaceImpl.java:87)
	at com.eviware.soapui.impl.WorkspaceFactoryImpl.openWorkspace(WorkspaceFactoryImpl.java:32)
	at com.eviware.soapui.intellij.plugin.SoapUIPlugin.initWorkspace(SoapUIPlugin.java:183)
	at com.eviware.soapui.intellij.plugin.SoapUIPlugin.initComponent(SoapUIPlugin.java:161)
	at com.intellij.openapi.components.impl.ComponentManagerImpl$ComponentConfigComponentAdapter.getComponentInstance(ComponentManagerImpl.java:488)
	at com.intellij.openapi.components.impl.ComponentManagerImpl.createComponents(ComponentManagerImpl.java:107)
	at com.intellij.openapi.components.impl.ComponentManagerImpl.init(ComponentManagerImpl.java:91)
	at com.intellij.openapi.components.impl.ComponentManagerImpl.init(ComponentManagerImpl.java:78)
	at com.intellij.openapi.project.impl.ProjectImpl.init(ProjectImpl.java:262)
	at com.intellij.openapi.project.impl.ProjectManagerImpl.initProject(ProjectManagerImpl.java:277)
	at com.intellij.openapi.project.impl.ProjectManagerImpl.lambda$loadProjectWithProgress$13(ProjectManagerImpl.java:543)
	at com.intellij.openapi.progress.impl.CoreProgressManager$1.run(CoreProgressManager.java:218)
	at com.intellij.openapi.progress.impl.CoreProgressManager$TaskRunnable.run(CoreProgressManager.java:736)
	at com.intellij.openapi.progress.impl.CoreProgressManager$5.run(CoreProgressManager.java:434)
	at com.intellij.openapi.progress.impl.CoreProgressManager.lambda$runProcess$1(CoreProgressManager.java:157)
	at com.intellij.openapi.progress.impl.CoreProgressManager.registerIndicatorAndRun(CoreProgressManager.java:580)
	at com.intellij.openapi.progress.impl.CoreProgressManager.executeProcessUnderProgress(CoreProgressManager.java:525)
	at com.intellij.openapi.progress.impl.ProgressManagerImpl.executeProcessUnderProgress(ProgressManagerImpl.java:85)
	at com.intellij.openapi.progress.impl.CoreProgressManager.runProcess(CoreProgressManager.java:144)
	at com.intellij.openapi.application.impl.ApplicationImpl.lambda$null$10(ApplicationImpl.java:574)
	at com.intellij.openapi.application.impl.ApplicationImpl$1.run(ApplicationImpl.java:314)
	at java.util.concurrent.Executors$RunnableAdapter.call(Executors.java:511)
	at java.util.concurrent.FutureTask.run(FutureTask.java:266)
	at java.util.concurrent.ThreadPoolExecutor.runWorker(ThreadPoolExecutor.java:1142)
	at java.util.concurrent.ThreadPoolExecutor$Worker.run(ThreadPoolExecutor.java:617)
	at java.lang.Thread.run(Thread.java:745)

	at org.apache.xmlbeans.impl.piccolo.xml.Piccolo.reportFatalError(Piccolo.java:1038)
	at org.apache.xmlbeans.impl.piccolo.xml.Piccolo.parse(Piccolo.java:717)
	at org.apache.xmlbeans.impl.store.Locale$SaxLoader.load(Locale.java:3454)
	... 32 more
Caused by: org.apache.xmlbeans.impl.piccolo.io.IllegalCharException: Illegal XML character: 0x0
	at org.apache.xmlbeans.impl.piccolo.xml.UTF8XMLDecoder.decode(UTF8XMLDecoder.java:196)
	at org.apache.xmlbeans.impl.piccolo.xml.XMLStreamReader$FastStreamDecoder.read(XMLStreamReader.java:762)
	at org.apache.xmlbeans.impl.piccolo.xml.XMLStreamReader.read(XMLStreamReader.java:162)
	at org.apache.xmlbeans.impl.piccolo.xml.PiccoloLexer.yy_refill(PiccoloLexer.java:3474)
	at org.apache.xmlbeans.impl.piccolo.xml.PiccoloLexer.yylex(PiccoloLexer.java:3958)
	at org.apache.xmlbeans.impl.piccolo.xml.Piccolo.yylex(Piccolo.java:1290)
	at org.apache.xmlbeans.impl.piccolo.xml.Piccolo.yyparse(Piccolo.java:1400)
	at org.apache.xmlbeans.impl.piccolo.xml.Piccolo.parse(Piccolo.java:714)
	... 33 more
2019-09-28 21:00:59,631 INFO  [WorkspaceImpl] Loading workspace from [C:\Users\chenan\intellij-soapui-workspace.xml]
2019-09-28 21:00:59,639 ERROR [SoapUI] An error occured [org.apache.xmlbeans.XmlException: C:\Users\chenan\intellij-soapui-workspace.xml:1:1: error: Illegal XML character: 0x0
org.apache.xmlbeans.impl.piccolo.io.IllegalCharException: Illegal XML character: 0x0
	at org.apache.xmlbeans.impl.piccolo.xml.UTF8XMLDecoder.decode(UTF8XMLDecoder.java:196)
	at org.apache.xmlbeans.impl.piccolo.xml.XMLStreamReader$FastStreamDecoder.read(XMLStreamReader.java:762)
	at org.apache.xmlbeans.impl.piccolo.xml.XMLStreamReader.read(XMLStreamReader.java:162)
	at org.apache.xmlbeans.impl.piccolo.xml.PiccoloLexer.yy_refill(PiccoloLexer.java:3474)
	at org.apache.xmlbeans.impl.piccolo.xml.PiccoloLexer.yylex(PiccoloLexer.java:3958)
	at org.apache.xmlbeans.impl.piccolo.xml.Piccolo.yylex(Piccolo.java:1290)
	at org.apache.xmlbeans.impl.piccolo.xml.Piccolo.yyparse(Piccolo.java:1400)
	at org.apache.xmlbeans.impl.piccolo.xml.Piccolo.parse(Piccolo.java:714)
	at org.apache.xmlbeans.impl.store.Locale$SaxLoader.load(Locale.java:3454)
	at org.apache.xmlbeans.impl.store.Locale.parseToXmlObject(Locale.java:1276)
	at org.apache.xmlbeans.impl.store.Locale.parseToXmlObject(Locale.java:1263)
	at org.apache.xmlbeans.impl.schema.SchemaTypeLoaderBase.parse(SchemaTypeLoaderBase.java:345)
	at org.apache.xmlbeans.impl.schema.SchemaTypeLoaderBase.parse(SchemaTypeLoaderBase.java:252)
	at com.eviware.soapui.config.SoapuiWorkspaceDocumentConfig$Factory.parse(Unknown Source)
	at com.eviware.soapui.impl.WorkspaceImpl.loadWorkspace(WorkspaceImpl.java:153)
	at com.eviware.soapui.impl.WorkspaceImpl.<init>(WorkspaceImpl.java:87)
	at com.eviware.soapui.impl.WorkspaceFactoryImpl.openWorkspace(WorkspaceFactoryImpl.java:32)
	at com.eviware.soapui.intellij.plugin.SoapUIPlugin.initWorkspace(SoapUIPlugin.java:183)
	at com.eviware.soapui.intellij.plugin.SoapUIPlugin.initComponent(SoapUIPlugin.java:161)
	at com.intellij.openapi.components.impl.ComponentManagerImpl$ComponentConfigComponentAdapter.getComponentInstance(ComponentManagerImpl.java:488)
	at com.intellij.openapi.components.impl.ComponentManagerImpl.createComponents(ComponentManagerImpl.java:107)
	at com.intellij.openapi.components.impl.ComponentManagerImpl.init(ComponentManagerImpl.java:91)
	at com.intellij.openapi.components.impl.ComponentManagerImpl.init(ComponentManagerImpl.java:78)
	at com.intellij.openapi.project.impl.ProjectImpl.init(ProjectImpl.java:262)
	at com.intellij.openapi.project.impl.ProjectManagerImpl.initProject(ProjectManagerImpl.java:277)
	at com.intellij.openapi.project.impl.ProjectManagerImpl.lambda$loadProjectWithProgress$13(ProjectManagerImpl.java:543)
	at com.intellij.openapi.progress.impl.CoreProgressManager$1.run(CoreProgressManager.java:218)
	at com.intellij.openapi.progress.impl.CoreProgressManager$TaskRunnable.run(CoreProgressManager.java:736)
	at com.intellij.openapi.progress.impl.CoreProgressManager$5.run(CoreProgressManager.java:434)
	at com.intellij.openapi.progress.impl.CoreProgressManager.lambda$runProcess$1(CoreProgressManager.java:157)
	at com.intellij.openapi.progress.impl.CoreProgressManager.registerIndicatorAndRun(CoreProgressManager.java:580)
	at com.intellij.openapi.progress.impl.CoreProgressManager.executeProcessUnderProgress(CoreProgressManager.java:525)
	at com.intellij.openapi.progress.impl.ProgressManagerImpl.executeProcessUnderProgress(ProgressManagerImpl.java:85)
	at com.intellij.openapi.progress.impl.CoreProgressManager.runProcess(CoreProgressManager.java:144)
	at com.intellij.openapi.application.impl.ApplicationImpl.lambda$null$10(ApplicationImpl.java:574)
	at com.intellij.openapi.application.impl.ApplicationImpl$1.run(ApplicationImpl.java:314)
	at java.util.concurrent.Executors$RunnableAdapter.call(Executors.java:511)
	at java.util.concurrent.FutureTask.run(FutureTask.java:266)
	at java.util.concurrent.ThreadPoolExecutor.runWorker(ThreadPoolExecutor.java:1142)
	at java.util.concurrent.ThreadPoolExecutor$Worker.run(ThreadPoolExecutor.java:617)
	at java.lang.Thread.run(Thread.java:745)
], see error log for details
2019-09-28 21:00:59,640 ERROR [errorlog] com.eviware.soapui.support.SoapUIException: org.apache.xmlbeans.XmlException: C:\Users\chenan\intellij-soapui-workspace.xml:1:1: error: Illegal XML character: 0x0
org.apache.xmlbeans.impl.piccolo.io.IllegalCharException: Illegal XML character: 0x0
	at org.apache.xmlbeans.impl.piccolo.xml.UTF8XMLDecoder.decode(UTF8XMLDecoder.java:196)
	at org.apache.xmlbeans.impl.piccolo.xml.XMLStreamReader$FastStreamDecoder.read(XMLStreamReader.java:762)
	at org.apache.xmlbeans.impl.piccolo.xml.XMLStreamReader.read(XMLStreamReader.java:162)
	at org.apache.xmlbeans.impl.piccolo.xml.PiccoloLexer.yy_refill(PiccoloLexer.java:3474)
	at org.apache.xmlbeans.impl.piccolo.xml.PiccoloLexer.yylex(PiccoloLexer.java:3958)
	at org.apache.xmlbeans.impl.piccolo.xml.Piccolo.yylex(Piccolo.java:1290)
	at org.apache.xmlbeans.impl.piccolo.xml.Piccolo.yyparse(Piccolo.java:1400)
	at org.apache.xmlbeans.impl.piccolo.xml.Piccolo.parse(Piccolo.java:714)
	at org.apache.xmlbeans.impl.store.Locale$SaxLoader.load(Locale.java:3454)
	at org.apache.xmlbeans.impl.store.Locale.parseToXmlObject(Locale.java:1276)
	at org.apache.xmlbeans.impl.store.Locale.parseToXmlObject(Locale.java:1263)
	at org.apache.xmlbeans.impl.schema.SchemaTypeLoaderBase.parse(SchemaTypeLoaderBase.java:345)
	at org.apache.xmlbeans.impl.schema.SchemaTypeLoaderBase.parse(SchemaTypeLoaderBase.java:252)
	at com.eviware.soapui.config.SoapuiWorkspaceDocumentConfig$Factory.parse(Unknown Source)
	at com.eviware.soapui.impl.WorkspaceImpl.loadWorkspace(WorkspaceImpl.java:153)
	at com.eviware.soapui.impl.WorkspaceImpl.<init>(WorkspaceImpl.java:87)
	at com.eviware.soapui.impl.WorkspaceFactoryImpl.openWorkspace(WorkspaceFactoryImpl.java:32)
	at com.eviware.soapui.intellij.plugin.SoapUIPlugin.initWorkspace(SoapUIPlugin.java:183)
	at com.eviware.soapui.intellij.plugin.SoapUIPlugin.initComponent(SoapUIPlugin.java:161)
	at com.intellij.openapi.components.impl.ComponentManagerImpl$ComponentConfigComponentAdapter.getComponentInstance(ComponentManagerImpl.java:488)
	at com.intellij.openapi.components.impl.ComponentManagerImpl.createComponents(ComponentManagerImpl.java:107)
	at com.intellij.openapi.components.impl.ComponentManagerImpl.init(ComponentManagerImpl.java:91)
	at com.intellij.openapi.components.impl.ComponentManagerImpl.init(ComponentManagerImpl.java:78)
	at com.intellij.openapi.project.impl.ProjectImpl.init(ProjectImpl.java:262)
	at com.intellij.openapi.project.impl.ProjectManagerImpl.initProject(ProjectManagerImpl.java:277)
	at com.intellij.openapi.project.impl.ProjectManagerImpl.lambda$loadProjectWithProgress$13(ProjectManagerImpl.java:543)
	at com.intellij.openapi.progress.impl.CoreProgressManager$1.run(CoreProgressManager.java:218)
	at com.intellij.openapi.progress.impl.CoreProgressManager$TaskRunnable.run(CoreProgressManager.java:736)
	at com.intellij.openapi.progress.impl.CoreProgressManager$5.run(CoreProgressManager.java:434)
	at com.intellij.openapi.progress.impl.CoreProgressManager.lambda$runProcess$1(CoreProgressManager.java:157)
	at com.intellij.openapi.progress.impl.CoreProgressManager.registerIndicatorAndRun(CoreProgressManager.java:580)
	at com.intellij.openapi.progress.impl.CoreProgressManager.executeProcessUnderProgress(CoreProgressManager.java:525)
	at com.intellij.openapi.progress.impl.ProgressManagerImpl.executeProcessUnderProgress(ProgressManagerImpl.java:85)
	at com.intellij.openapi.progress.impl.CoreProgressManager.runProcess(CoreProgressManager.java:144)
	at com.intellij.openapi.application.impl.ApplicationImpl.lambda$null$10(ApplicationImpl.java:574)
	at com.intellij.openapi.application.impl.ApplicationImpl$1.run(ApplicationImpl.java:314)
	at java.util.concurrent.Executors$RunnableAdapter.call(Executors.java:511)
	at java.util.concurrent.FutureTask.run(FutureTask.java:266)
	at java.util.concurrent.ThreadPoolExecutor.runWorker(ThreadPoolExecutor.java:1142)
	at java.util.concurrent.ThreadPoolExecutor$Worker.run(ThreadPoolExecutor.java:617)
	at java.lang.Thread.run(Thread.java:745)

com.eviware.soapui.support.SoapUIException: org.apache.xmlbeans.XmlException: C:\Users\chenan\intellij-soapui-workspace.xml:1:1: error: Illegal XML character: 0x0
org.apache.xmlbeans.impl.piccolo.io.IllegalCharException: Illegal XML character: 0x0
	at org.apache.xmlbeans.impl.piccolo.xml.UTF8XMLDecoder.decode(UTF8XMLDecoder.java:196)
	at org.apache.xmlbeans.impl.piccolo.xml.XMLStreamReader$FastStreamDecoder.read(XMLStreamReader.java:762)
	at org.apache.xmlbeans.impl.piccolo.xml.XMLStreamReader.read(XMLStreamReader.java:162)
	at org.apache.xmlbeans.impl.piccolo.xml.PiccoloLexer.yy_refill(PiccoloLexer.java:3474)
	at org.apache.xmlbeans.impl.piccolo.xml.PiccoloLexer.yylex(PiccoloLexer.java:3958)
	at org.apache.xmlbeans.impl.piccolo.xml.Piccolo.yylex(Piccolo.java:1290)
	at org.apache.xmlbeans.impl.piccolo.xml.Piccolo.yyparse(Piccolo.java:1400)
	at org.apache.xmlbeans.impl.piccolo.xml.Piccolo.parse(Piccolo.java:714)
	at org.apache.xmlbeans.impl.store.Locale$SaxLoader.load(Locale.java:3454)
	at org.apache.xmlbeans.impl.store.Locale.parseToXmlObject(Locale.java:1276)
	at org.apache.xmlbeans.impl.store.Locale.parseToXmlObject(Locale.java:1263)
	at org.apache.xmlbeans.impl.schema.SchemaTypeLoaderBase.parse(SchemaTypeLoaderBase.java:345)
	at org.apache.xmlbeans.impl.schema.SchemaTypeLoaderBase.parse(SchemaTypeLoaderBase.java:252)
	at com.eviware.soapui.config.SoapuiWorkspaceDocumentConfig$Factory.parse(Unknown Source)
	at com.eviware.soapui.impl.WorkspaceImpl.loadWorkspace(WorkspaceImpl.java:153)
	at com.eviware.soapui.impl.WorkspaceImpl.<init>(WorkspaceImpl.java:87)
	at com.eviware.soapui.impl.WorkspaceFactoryImpl.openWorkspace(WorkspaceFactoryImpl.java:32)
	at com.eviware.soapui.intellij.plugin.SoapUIPlugin.initWorkspace(SoapUIPlugin.java:183)
	at com.eviware.soapui.intellij.plugin.SoapUIPlugin.initComponent(SoapUIPlugin.java:161)
	at com.intellij.openapi.components.impl.ComponentManagerImpl$ComponentConfigComponentAdapter.getComponentInstance(ComponentManagerImpl.java:488)
	at com.intellij.openapi.components.impl.ComponentManagerImpl.createComponents(ComponentManagerImpl.java:107)
	at com.intellij.openapi.components.impl.ComponentManagerImpl.init(ComponentManagerImpl.java:91)
	at com.intellij.openapi.components.impl.ComponentManagerImpl.init(ComponentManagerImpl.java:78)
	at com.intellij.openapi.project.impl.ProjectImpl.init(ProjectImpl.java:262)
	at com.intellij.openapi.project.impl.ProjectManagerImpl.initProject(ProjectManagerImpl.java:277)
	at com.intellij.openapi.project.impl.ProjectManagerImpl.lambda$loadProjectWithProgress$13(ProjectManagerImpl.java:543)
	at com.intellij.openapi.progress.impl.CoreProgressManager$1.run(CoreProgressManager.java:218)
	at com.intellij.openapi.progress.impl.CoreProgressManager$TaskRunnable.run(CoreProgressManager.java:736)
	at com.intellij.openapi.progress.impl.CoreProgressManager$5.run(CoreProgressManager.java:434)
	at com.intellij.openapi.progress.impl.CoreProgressManager.lambda$runProcess$1(CoreProgressManager.java:157)
	at com.intellij.openapi.progress.impl.CoreProgressManager.registerIndicatorAndRun(CoreProgressManager.java:580)
	at com.intellij.openapi.progress.impl.CoreProgressManager.executeProcessUnderProgress(CoreProgressManager.java:525)
	at com.intellij.openapi.progress.impl.ProgressManagerImpl.executeProcessUnderProgress(ProgressManagerImpl.java:85)
	at com.intellij.openapi.progress.impl.CoreProgressManager.runProcess(CoreProgressManager.java:144)
	at com.intellij.openapi.application.impl.ApplicationImpl.lambda$null$10(ApplicationImpl.java:574)
	at com.intellij.openapi.application.impl.ApplicationImpl$1.run(ApplicationImpl.java:314)
	at java.util.concurrent.Executors$RunnableAdapter.call(Executors.java:511)
	at java.util.concurrent.FutureTask.run(FutureTask.java:266)
	at java.util.concurrent.ThreadPoolExecutor.runWorker(ThreadPoolExecutor.java:1142)
	at java.util.concurrent.ThreadPoolExecutor$Worker.run(ThreadPoolExecutor.java:617)
	at java.lang.Thread.run(Thread.java:745)

	at com.eviware.soapui.impl.WorkspaceFactoryImpl.openWorkspace(WorkspaceFactoryImpl.java:36)
	at com.eviware.soapui.intellij.plugin.SoapUIPlugin.initWorkspace(SoapUIPlugin.java:183)
	at com.eviware.soapui.intellij.plugin.SoapUIPlugin.initComponent(SoapUIPlugin.java:161)
	at com.intellij.openapi.components.impl.ComponentManagerImpl$ComponentConfigComponentAdapter.getComponentInstance(ComponentManagerImpl.java:488)
	at com.intellij.openapi.components.impl.ComponentManagerImpl.createComponents(ComponentManagerImpl.java:107)
	at com.intellij.openapi.components.impl.ComponentManagerImpl.init(ComponentManagerImpl.java:91)
	at com.intellij.openapi.components.impl.ComponentManagerImpl.init(ComponentManagerImpl.java:78)
	at com.intellij.openapi.project.impl.ProjectImpl.init(ProjectImpl.java:262)
	at com.intellij.openapi.project.impl.ProjectManagerImpl.initProject(ProjectManagerImpl.java:277)
	at com.intellij.openapi.project.impl.ProjectManagerImpl.lambda$loadProjectWithProgress$13(ProjectManagerImpl.java:543)
	at com.intellij.openapi.progress.impl.CoreProgressManager$1.run(CoreProgressManager.java:218)
	at com.intellij.openapi.progress.impl.CoreProgressManager$TaskRunnable.run(CoreProgressManager.java:736)
	at com.intellij.openapi.progress.impl.CoreProgressManager$5.run(CoreProgressManager.java:434)
	at com.intellij.openapi.progress.impl.CoreProgressManager.lambda$runProcess$1(CoreProgressManager.java:157)
	at com.intellij.openapi.progress.impl.CoreProgressManager.registerIndicatorAndRun(CoreProgressManager.java:580)
	at com.intellij.openapi.progress.impl.CoreProgressManager.executeProcessUnderProgress(CoreProgressManager.java:525)
	at com.intellij.openapi.progress.impl.ProgressManagerImpl.executeProcessUnderProgress(ProgressManagerImpl.java:85)
	at com.intellij.openapi.progress.impl.CoreProgressManager.runProcess(CoreProgressManager.java:144)
	at com.intellij.openapi.application.impl.ApplicationImpl.lambda$null$10(ApplicationImpl.java:574)
	at com.intellij.openapi.application.impl.ApplicationImpl$1.run(ApplicationImpl.java:314)
	at java.util.concurrent.Executors$RunnableAdapter.call(Executors.java:511)
	at java.util.concurrent.FutureTask.run(FutureTask.java:266)
	at java.util.concurrent.ThreadPoolExecutor.runWorker(ThreadPoolExecutor.java:1142)
	at java.util.concurrent.ThreadPoolExecutor$Worker.run(ThreadPoolExecutor.java:617)
	at java.lang.Thread.run(Thread.java:745)
Caused by: org.apache.xmlbeans.XmlException: C:\Users\chenan\intellij-soapui-workspace.xml:1:1: error: Illegal XML character: 0x0
org.apache.xmlbeans.impl.piccolo.io.IllegalCharException: Illegal XML character: 0x0
	at org.apache.xmlbeans.impl.piccolo.xml.UTF8XMLDecoder.decode(UTF8XMLDecoder.java:196)
	at org.apache.xmlbeans.impl.piccolo.xml.XMLStreamReader$FastStreamDecoder.read(XMLStreamReader.java:762)
	at org.apache.xmlbeans.impl.piccolo.xml.XMLStreamReader.read(XMLStreamReader.java:162)
	at org.apache.xmlbeans.impl.piccolo.xml.PiccoloLexer.yy_refill(PiccoloLexer.java:3474)
	at org.apache.xmlbeans.impl.piccolo.xml.PiccoloLexer.yylex(PiccoloLexer.java:3958)
	at org.apache.xmlbeans.impl.piccolo.xml.Piccolo.yylex(Piccolo.java:1290)
	at org.apache.xmlbeans.impl.piccolo.xml.Piccolo.yyparse(Piccolo.java:1400)
	at org.apache.xmlbeans.impl.piccolo.xml.Piccolo.parse(Piccolo.java:714)
	at org.apache.xmlbeans.impl.store.Locale$SaxLoader.load(Locale.java:3454)
	at org.apache.xmlbeans.impl.store.Locale.parseToXmlObject(Locale.java:1276)
	at org.apache.xmlbeans.impl.store.Locale.parseToXmlObject(Locale.java:1263)
	at org.apache.xmlbeans.impl.schema.SchemaTypeLoaderBase.parse(SchemaTypeLoaderBase.java:345)
	at org.apache.xmlbeans.impl.schema.SchemaTypeLoaderBase.parse(SchemaTypeLoaderBase.java:252)
	at com.eviware.soapui.config.SoapuiWorkspaceDocumentConfig$Factory.parse(Unknown Source)
	at com.eviware.soapui.impl.WorkspaceImpl.loadWorkspace(WorkspaceImpl.java:153)
	at com.eviware.soapui.impl.WorkspaceImpl.<init>(WorkspaceImpl.java:87)
	at com.eviware.soapui.impl.WorkspaceFactoryImpl.openWorkspace(WorkspaceFactoryImpl.java:32)
	at com.eviware.soapui.intellij.plugin.SoapUIPlugin.initWorkspace(SoapUIPlugin.java:183)
	at com.eviware.soapui.intellij.plugin.SoapUIPlugin.initComponent(SoapUIPlugin.java:161)
	at com.intellij.openapi.components.impl.ComponentManagerImpl$ComponentConfigComponentAdapter.getComponentInstance(ComponentManagerImpl.java:488)
	at com.intellij.openapi.components.impl.ComponentManagerImpl.createComponents(ComponentManagerImpl.java:107)
	at com.intellij.openapi.components.impl.ComponentManagerImpl.init(ComponentManagerImpl.java:91)
	at com.intellij.openapi.components.impl.ComponentManagerImpl.init(ComponentManagerImpl.java:78)
	at com.intellij.openapi.project.impl.ProjectImpl.init(ProjectImpl.java:262)
	at com.intellij.openapi.project.impl.ProjectManagerImpl.initProject(ProjectManagerImpl.java:277)
	at com.intellij.openapi.project.impl.ProjectManagerImpl.lambda$loadProjectWithProgress$13(ProjectManagerImpl.java:543)
	at com.intellij.openapi.progress.impl.CoreProgressManager$1.run(CoreProgressManager.java:218)
	at com.intellij.openapi.progress.impl.CoreProgressManager$TaskRunnable.run(CoreProgressManager.java:736)
	at com.intellij.openapi.progress.impl.CoreProgressManager$5.run(CoreProgressManager.java:434)
	at com.intellij.openapi.progress.impl.CoreProgressManager.lambda$runProcess$1(CoreProgressManager.java:157)
	at com.intellij.openapi.progress.impl.CoreProgressManager.registerIndicatorAndRun(CoreProgressManager.java:580)
	at com.intellij.openapi.progress.impl.CoreProgressManager.executeProcessUnderProgress(CoreProgressManager.java:525)
	at com.intellij.openapi.progress.impl.ProgressManagerImpl.executeProcessUnderProgress(ProgressManagerImpl.java:85)
	at com.intellij.openapi.progress.impl.CoreProgressManager.runProcess(CoreProgressManager.java:144)
	at com.intellij.openapi.application.impl.ApplicationImpl.lambda$null$10(ApplicationImpl.java:574)
	at com.intellij.openapi.application.impl.ApplicationImpl$1.run(ApplicationImpl.java:314)
	at java.util.concurrent.Executors$RunnableAdapter.call(Executors.java:511)
	at java.util.concurrent.FutureTask.run(FutureTask.java:266)
	at java.util.concurrent.ThreadPoolExecutor.runWorker(ThreadPoolExecutor.java:1142)
	at java.util.concurrent.ThreadPoolExecutor$Worker.run(ThreadPoolExecutor.java:617)
	at java.lang.Thread.run(Thread.java:745)

	at org.apache.xmlbeans.impl.store.Locale$SaxLoader.load(Locale.java:3486)
	at org.apache.xmlbeans.impl.store.Locale.parseToXmlObject(Locale.java:1276)
	at org.apache.xmlbeans.impl.store.Locale.parseToXmlObject(Locale.java:1263)
	at org.apache.xmlbeans.impl.schema.SchemaTypeLoaderBase.parse(SchemaTypeLoaderBase.java:345)
	at org.apache.xmlbeans.impl.schema.SchemaTypeLoaderBase.parse(SchemaTypeLoaderBase.java:252)
	at com.eviware.soapui.config.SoapuiWorkspaceDocumentConfig$Factory.parse(Unknown Source)
	at com.eviware.soapui.impl.WorkspaceImpl.loadWorkspace(WorkspaceImpl.java:153)
	at com.eviware.soapui.impl.WorkspaceImpl.<init>(WorkspaceImpl.java:87)
	at com.eviware.soapui.impl.WorkspaceFactoryImpl.openWorkspace(WorkspaceFactoryImpl.java:32)
	... 24 more
Caused by: org.xml.sax.SAXParseException; systemId: file:; lineNumber: 1; columnNumber: 1; Illegal XML character: 0x0
org.apache.xmlbeans.impl.piccolo.io.IllegalCharException: Illegal XML character: 0x0
	at org.apache.xmlbeans.impl.piccolo.xml.UTF8XMLDecoder.decode(UTF8XMLDecoder.java:196)
	at org.apache.xmlbeans.impl.piccolo.xml.XMLStreamReader$FastStreamDecoder.read(XMLStreamReader.java:762)
	at org.apache.xmlbeans.impl.piccolo.xml.XMLStreamReader.read(XMLStreamReader.java:162)
	at org.apache.xmlbeans.impl.piccolo.xml.PiccoloLexer.yy_refill(PiccoloLexer.java:3474)
	at org.apache.xmlbeans.impl.piccolo.xml.PiccoloLexer.yylex(PiccoloLexer.java:3958)
	at org.apache.xmlbeans.impl.piccolo.xml.Piccolo.yylex(Piccolo.java:1290)
	at org.apache.xmlbeans.impl.piccolo.xml.Piccolo.yyparse(Piccolo.java:1400)
	at org.apache.xmlbeans.impl.piccolo.xml.Piccolo.parse(Piccolo.java:714)
	at org.apache.xmlbeans.impl.store.Locale$SaxLoader.load(Locale.java:3454)
	at org.apache.xmlbeans.impl.store.Locale.parseToXmlObject(Locale.java:1276)
	at org.apache.xmlbeans.impl.store.Locale.parseToXmlObject(Locale.java:1263)
	at org.apache.xmlbeans.impl.schema.SchemaTypeLoaderBase.parse(SchemaTypeLoaderBase.java:345)
	at org.apache.xmlbeans.impl.schema.SchemaTypeLoaderBase.parse(SchemaTypeLoaderBase.java:252)
	at com.eviware.soapui.config.SoapuiWorkspaceDocumentConfig$Factory.parse(Unknown Source)
	at com.eviware.soapui.impl.WorkspaceImpl.loadWorkspace(WorkspaceImpl.java:153)
	at com.eviware.soapui.impl.WorkspaceImpl.<init>(WorkspaceImpl.java:87)
	at com.eviware.soapui.impl.WorkspaceFactoryImpl.openWorkspace(WorkspaceFactoryImpl.java:32)
	at com.eviware.soapui.intellij.plugin.SoapUIPlugin.initWorkspace(SoapUIPlugin.java:183)
	at com.eviware.soapui.intellij.plugin.SoapUIPlugin.initComponent(SoapUIPlugin.java:161)
	at com.intellij.openapi.components.impl.ComponentManagerImpl$ComponentConfigComponentAdapter.getComponentInstance(ComponentManagerImpl.java:488)
	at com.intellij.openapi.components.impl.ComponentManagerImpl.createComponents(ComponentManagerImpl.java:107)
	at com.intellij.openapi.components.impl.ComponentManagerImpl.init(ComponentManagerImpl.java:91)
	at com.intellij.openapi.components.impl.ComponentManagerImpl.init(ComponentManagerImpl.java:78)
	at com.intellij.openapi.project.impl.ProjectImpl.init(ProjectImpl.java:262)
	at com.intellij.openapi.project.impl.ProjectManagerImpl.initProject(ProjectManagerImpl.java:277)
	at com.intellij.openapi.project.impl.ProjectManagerImpl.lambda$loadProjectWithProgress$13(ProjectManagerImpl.java:543)
	at com.intellij.openapi.progress.impl.CoreProgressManager$1.run(CoreProgressManager.java:218)
	at com.intellij.openapi.progress.impl.CoreProgressManager$TaskRunnable.run(CoreProgressManager.java:736)
	at com.intellij.openapi.progress.impl.CoreProgressManager$5.run(CoreProgressManager.java:434)
	at com.intellij.openapi.progress.impl.CoreProgressManager.lambda$runProcess$1(CoreProgressManager.java:157)
	at com.intellij.openapi.progress.impl.CoreProgressManager.registerIndicatorAndRun(CoreProgressManager.java:580)
	at com.intellij.openapi.progress.impl.CoreProgressManager.executeProcessUnderProgress(CoreProgressManager.java:525)
	at com.intellij.openapi.progress.impl.ProgressManagerImpl.executeProcessUnderProgress(ProgressManagerImpl.java:85)
	at com.intellij.openapi.progress.impl.CoreProgressManager.runProcess(CoreProgressManager.java:144)
	at com.intellij.openapi.application.impl.ApplicationImpl.lambda$null$10(ApplicationImpl.java:574)
	at com.intellij.openapi.application.impl.ApplicationImpl$1.run(ApplicationImpl.java:314)
	at java.util.concurrent.Executors$RunnableAdapter.call(Executors.java:511)
	at java.util.concurrent.FutureTask.run(FutureTask.java:266)
	at java.util.concurrent.ThreadPoolExecutor.runWorker(ThreadPoolExecutor.java:1142)
	at java.util.concurrent.ThreadPoolExecutor$Worker.run(ThreadPoolExecutor.java:617)
	at java.lang.Thread.run(Thread.java:745)

	at org.apache.xmlbeans.impl.piccolo.xml.Piccolo.reportFatalError(Piccolo.java:1038)
	at org.apache.xmlbeans.impl.piccolo.xml.Piccolo.parse(Piccolo.java:717)
	at org.apache.xmlbeans.impl.store.Locale$SaxLoader.load(Locale.java:3454)
	... 32 more
Caused by: org.apache.xmlbeans.impl.piccolo.io.IllegalCharException: Illegal XML character: 0x0
	at org.apache.xmlbeans.impl.piccolo.xml.UTF8XMLDecoder.decode(UTF8XMLDecoder.java:196)
	at org.apache.xmlbeans.impl.piccolo.xml.XMLStreamReader$FastStreamDecoder.read(XMLStreamReader.java:762)
	at org.apache.xmlbeans.impl.piccolo.xml.XMLStreamReader.read(XMLStreamReader.java:162)
	at org.apache.xmlbeans.impl.piccolo.xml.PiccoloLexer.yy_refill(PiccoloLexer.java:3474)
	at org.apache.xmlbeans.impl.piccolo.xml.PiccoloLexer.yylex(PiccoloLexer.java:3958)
	at org.apache.xmlbeans.impl.piccolo.xml.Piccolo.yylex(Piccolo.java:1290)
	at org.apache.xmlbeans.impl.piccolo.xml.Piccolo.yyparse(Piccolo.java:1400)
	at org.apache.xmlbeans.impl.piccolo.xml.Piccolo.parse(Piccolo.java:714)
	... 33 more
